SQL> --creo el esquema con los privilegios mínimos que necesita
SQL> --establecer el tablespace por defecto es sólo para ejecución en versiones <11g
SQL> select sysdate from DUAL;

SYSDATE                                                                         
--------                                                                        
20-12-22                                                                        

SQL> drop user BAT cascade;

User dropped.

SQL> create user BAT identified by bat
  2  	     default tablespace USERS
  3  	     quota 100M on USERS;

User created.

SQL> grant create session, create table, create procedure to BAT;

Grant succeeded.

SQL> grant create public synonym, create sequence, create view to BAT;

Grant succeeded.

SQL> 
SQL> --conecto con la cuenta que va a albergar el esquema
SQL> conn BAT/bat@fa
Connected.
SQL> --creación de tablas
SQL> create table FORMAS(
  2  	     idFor number,
  3  	     desFor varchar(15),
  4  	     constraint pk_formas primary key(idFor)
  5  );

Table created.

SQL> create table RAMOS(
  2  	     idRam number,
  3  	     desRam varchar(50),
  4  	     constraint pk_ramos primary key(idRam)
  5  );

Table created.

SQL> create table TAMANOS(
  2  	     idTam number,
  3  	     desTam varchar(15),
  4  	     constraint pk_tamanos primary key(idTam)
  5  );

Table created.

SQL> create table CICLOS(
  2  	     idCic number,
  3  	     abre varchar2(4),
  4  	     constraint uq_ciclos unique(abre),
  5  	     constraint pk_ciclos primary key(idCic)
  6  );

Table created.

SQL> create table DISTRITOS(
  2  	     cp varchar2(15),
  3  	     distri varchar2(70),
  4  	     constraint pk_municipios primary key(cp)
  5  );

Table created.

SQL> create table ALUMNOS(
  2  	     idAlu number,
  3  	     nomAlu varchar2(50) not null,
  4  	     movil varchar2(9),
  5  	     mail varchar2(50),
  6  	     curri varchar2(70),
  7  	     proy varchar2(70),
  8  	     fnac date,
  9  	     sex char(1),
 10  	     dis number(3) default 0,
 11  	     cpAlu varchar2(70),
 12  	     constraint fk_cpalumnos foreign key(cpAlu) references DISTRITOS(cp),
 13  	     constraint ck_sex check(sex in ('M', 'H')),
 14  	     constraint pk_alumnos primary key(idAlu)
 15  );

Table created.

SQL> create table TRAYECTOS(
  2  	     ciclo number,
  3  	     alumno number,
  4  	     fpromo date,
  5  	     constraint fk_02_A foreign key(alumno) references ALUMNOS(idAlu),
  6  	     constraint fk_02_B foreign key(ciclo) references CICLOS(idCic),
  7  	     constraint pk_trayectos primary key(ciclo,alumno)
  8  );

Table created.

SQL> create table EMPRESAS(
  2  	     idEmp number,
  3  	     nomEmp varchar2(50),
  4  	     razon varchar2(50),
  5  	     numTra number,
  6  	     forma number,
  7  	     ramo number,
  8  	     tam number,
  9  	     web varchar2(70),
 10  	     constraint fk_forma foreign key(forma) references FORMAS(idFor),
 11  	     constraint fk_ramo foreign key(ramo) references RAMOS(idRam),
 12  	     constraint fk_tam foreign key(tam) references TAMANOS(idTam),
 13  	     constraint pk_empresas primary key(idEmp)
 14  );

Table created.

SQL> create table SEDES(
  2  	     idsed number,
  3  	     cpsed varchar2(70),
  4  	     empresa number,
  5  	     constraint fk_13 foreign key(empresa) references EMPRESAS(idEmp),
  6  	     constraint fk_cpsedes foreign key(cpsed) references DISTRITOS(cp),
  7  	     constraint pk_sedes primary key(idsed)
  8  );

Table created.

SQL> create table CONTRATOS(
  2  	     empresa number,
  3  	     alumno number,
  4  	     inicon date,
  5  	     fincon date,
  6  	     pra char(1) default 'N',
  7  	     constraint ck_pra check(pra in ('S', 'N')),
  8  	     constraint fk_01_A foreign key(alumno) references ALUMNOS(idAlu),
  9  	     constraint fk_01_B foreign key(empresa) references EMPRESAS(idEmp),
 10  	     constraint pk_contratos primary key(empresa,alumno)
 11  );

Table created.

SQL> create table EMPLEADOS(
  2  	     idem number,
  3  	     nomem varchar2(40),
  4  	     constraint pk_empleados primary key(idem)
  5  );

Table created.

SQL> create table CONTACTOS(
  2  	     contacto number,
  3  	     mailcon varchar2(50),
  4  	     movcon  varchar2(20),
  5  	     empresa number,
  6  	     constraint fk_03 foreign key(empresa) references EMPRESAS(idEmp),
  7  	     constraint fk_J1_A foreign key(contacto) references EMPLEADOS(idem),
  8  	     constraint pk_contactos primary key(contacto)
  9  );

Table created.

SQL> create table PROFESORES(
  2  	     profesor number,
  3  	     constraint fk_J1_B foreign key(profesor) references EMPLEADOS(idem),
  4  	     constraint pk_profesores primary key(profesor)
  5  );

Table created.

SQL> create table MEDIOS(
  2  	     idMed number,
  3  	     nomMed varchar2(20),
  4  	     constraint pk_medios primary key(idMed)
  5  );

Table created.

SQL> create table MENSAJES(
  2  	     idMen number,
  3  	     fmen date,
  4  	     emisor number,
  5  	     receptor number,
  6  	     contenido varchar2(1000),
  7  	     medio number,
  8  	     responde_a number,
  9  	     constraint fk_05 foreign key(emisor) references EMPLEADOS(idEm),
 10  	     constraint fk_06 foreign key(receptor) references EMPLEADOS(idEm),
 11  	     constraint fk_medios foreign key(medio) references MEDIOS(idmed),
 12  	     constraint pk_mensajes primary key(idMen)
 13  );

Table created.

SQL> alter table MENSAJES add constraint fk_08 foreign key(responde_a) references MENSAJES(idMen);

Table altered.

SQL> --Oracle se lo come sin necesidad de hacer el alter pero otros SGBD no
SQL> create table PRACTICAS(
  2  	     idPra number,
  3  	     fini date,
  4  	     ffin date,
  5  	     tele char(1),
  6  	     eplus char(1),
  7  	     ciclo number,
  8  	     docente number,
  9  	     laboral number,
 10  	     alumno number,
 11  	     constraint ck_tele check(tele in ('S', 'N')),
 12  	     constraint ck_erasmus check(eplus in ('S', 'N')),
 13  	     constraint fk_07 foreign key(docente) references PROFESORES(profesor),
 14  	     constraint fk_14 foreign key(laboral) references CONTACTOS(contacto),
 15  	     constraint fk_15 foreign key(alumno) references ALUMNOS(idAlu),
 16  	     constraint fk_04 foreign key(ciclo) references CICLOS(idcic),
 17  	     constraint pk_practicas primary key(idPra)
 18  );

Table created.

SQL> create table OFERTAS(
  2  	     idOfe number,
  3  	     nomOfe varchar2(60),
  4  	     fofe date,
  5  	     kas number(8,2),
  6  	     tele char(1),
  7  	     contacto number,
  8  	     empresa number,
  9  	     constraint ck_teleofe check(tele in ('S', 'N')),
 10  	     constraint fk_09 foreign key(contacto) references CONTACTOS(contacto),
 11  	     constraint fk_12 foreign key(empresa) references EMPRESAS(idEmp),
 12  	     constraint pk_ofertas primary key(idOfe)
 13  );

Table created.

SQL> --los nombres de las columnas se pueden repetir (tele) porque tiene el namespace de su tabla,
SQL> --pero los de las restricciones no porque tienen el ámbito del esquema
SQL> create table TOOLS(
  2  	     idtoo number,
  3  	     nomtoo varchar2(50),
  4  	     lenguaje varchar2(20)
  5  	     constraint ck_tools check(lenguaje in ('S', 'N')),
  6  	     constraint pk_tools primary key(idtoo)
  7  );

Table created.

SQL> create table PERFILES(
  2  	     idper number,
  3  	     nomper varchar2(50),
  4  	     constraint pk_perfiles primary key(idper)
  5  );

Table created.

SQL> --kas son euros, Oracle no tiene un tipo currency, otros SGBDs sí
SQL> create table TOOLBOXES(
  2  	     oferta number,
  3  	     tool number,
  4  	     constraint fk_10_A foreign key(oferta) references OFERTAS(idofe),
  5  	     constraint fk_10_B foreign key(tool) references TOOLS(idtoo),
  6  	     constraint pk_toolboxes primary key(oferta,tool)
  7  );

Table created.

SQL> create table COMPETENCIAS(
  2  	     oferta number,
  3  	     perfil number,
  4  	     constraint fk_11_A foreign key(oferta) references OFERTAS(idofe),
  5  	     constraint fk_11_B foreign key(perfil) references PERFILES(idper),
  6  	     constraint pk_competencias primary key(oferta,perfil)
  7  );

Table created.

SQL> create table FUNCIONES(
  2  	     idFun number,
  3  	     nomFun varchar2(80),
  4  	     perfil number,
  5  	     constraint fk_16 foreign key(perfil) references PERFILES(idPer),
  6  	     constraint pk_funciones primary key(idFun)
  7  );

Table created.

SQL> create table BIBLIOTECAS(
  2  	     oferta number,
  3  	     funcion number,
  4  	     constraint fk_17_A foreign key(oferta) references OFERTAS(idofe),
  5  	     constraint fk_17_B foreign key(funcion) references FUNCIONES(idFun),
  6  	     constraint pk_bibliotecas primary key(oferta,funcion)
  7  );

Table created.

SQL> create table REQUISITOS(
  2  	     idReq number,
  3  	     nomReq varchar2(50),
  4  	     constraint pk_requisitos primary key(idReq)
  5  );

Table created.

SQL> create table ESPECIFICACIONES(
  2  	     oferta number,
  3  	     requisito number,
  4  	     constraint fk_18_A foreign key(oferta) references OFERTAS(idofe),
  5  	     constraint fk_18_B foreign key(requisito) references REQUISITOS(idReq),
  6  	     constraint pk_especificaciones primary key(oferta,requisito)
  7  );

Table created.

SQL> spo off
